1715906263400:greet sando
1715906268888:farewell sando
1715906491362:login 1 1
1715906498932:current-user
1715906504159:city
1715906514522:sector 동두천시
1715906522927:price 동두천시 가정용
1715906534231:bill-total 동두천시 가정용 10
1715906555831:logout
1715906558016:exit
1715906678126:login 2 2
1715906682188:login 1 1
1715906684200:exit
1715924829431:login 11 11
1715924832560:login 1 1
1715924995682:login 22 22
1715924999035:login 2 2
1715925004556:login 1 1
1715925008129:exit
1715925121537:login 22 22
1715925283056:login 1 1
1715925286772:logout
1715925293789:current-user
1715925298420:login 1 1
1715925302326:current-user
1715925304750:exit
1715929829693:login 11 11
1715929832574:login 1 1
1715929836822:login 2 2
1715931952984:login 1 1
1715931956283:login 22 22
1715931958547:exit
1715931984689:login 1 1
1715931987570:exit
1715932081379:login 1 1
1715932083422:exit
1715932400411:login 1 1
1715932404390:login 11 11
1715932406015:exit
1715932465915:login 1 1
1715933092236:login 22 22
1716130749768:login 1 1
1716130789950:current-user
